[25/Jun/2021 07:54:58] INFO [django.server:161] "GET / HTTP/1.1" 302 0
[25/Jun/2021 07:54:58] INFO [django.server:161] "GET /amirMusic/ HTTP/1.1" 200 18029
[25/Jun/2021 07:54:58] INFO [django.server:161] "GET /static/js/paginator.js HTTP/1.1" 304 0
[25/Jun/2021 07:54:58] INFO [django.server:161] "GET /static/js/day-night.js HTTP/1.1" 304 0
[25/Jun/2021 07:54:58] INFO [django.server:161] "GET /static/css/day-night.css HTTP/1.1" 304 0
[25/Jun/2021 07:54:58] INFO [django.server:161] "GET /static/css/user_registration_bs4.css HTTP/1.1" 304 0
[25/Jun/2021 07:54:58] INFO [django.server:161] "GET /static/css/index.css HTTP/1.1" 304 0
[25/Jun/2021 07:54:58] INFO [django.server:161] "GET /static/img/epublibre.png HTTP/1.1" 304 0
[25/Jun/2021 07:54:58] INFO [django.server:161] "GET /media/images/pastor_aleman_bebe_NqrYL3u.jpeg HTTP/1.1" 304 0
[25/Jun/2021 07:54:58] INFO [django.server:161] "GET /media/images/pexels-photo-635874.jpg HTTP/1.1" 304 0
[25/Jun/2021 07:55:27] INFO [django.server:161] "GET /amirMusic/api/album/ HTTP/1.1" 200 530
[25/Jun/2021 07:55:28] INFO [django.server:161] "GET /amirMusic/api/musico/ HTTP/1.1" 200 20864
[25/Jun/2021 07:55:28] INFO [django.server:161] "GET /amirMusic/api/grupo/ HTTP/1.1" 200 11899
[25/Jun/2021 07:55:57] INFO [django.server:161] "GET /amirMusic/album/detalles/10/ HTTP/1.1" 200 4774
[25/Jun/2021 07:56:01] INFO [django.server:161] "GET /amirMusic/ HTTP/1.1" 200 18029
[25/Jun/2021 07:57:32] INFO [django.server:161] "GET /amirMusic/api/album/ HTTP/1.1" 200 530
[25/Jun/2021 07:57:32] INFO [django.server:161] "GET /amirMusic/api/grupo/ HTTP/1.1" 200 11899
[25/Jun/2021 07:57:32] INFO [django.server:161] "GET /amirMusic/api/musico/ HTTP/1.1" 200 20864
[25/Jun/2021 07:57:35] INFO [django.server:161] "GET /amirMusic/ HTTP/1.1" 200 18029
[25/Jun/2021 07:57:35] INFO [django.server:161] "GET /static/img/epublibre.png HTTP/1.1" 200 43872
[25/Jun/2021 08:00:09] INFO [django.utils.autoreload:251] /web/sitio_web/settings.py changed, reloading.
[25/Jun/2021 08:00:10] INFO [django.utils.autoreload:637] Watching for file changes with StatReloader
[25/Jun/2021 15:49:01] INFO [django.utils.autoreload:637] Watching for file changes with StatReloader
[25/Jun/2021 15:49:23] INFO [django.server:161] "GET /amirMusic/api/album/ HTTP/1.1" 200 530
[25/Jun/2021 15:49:23] INFO [django.server:161] "GET /media/images/pastor_aleman_bebe_NqrYL3u.jpeg HTTP/1.1" 304 0
[25/Jun/2021 15:49:23] INFO [django.server:161] "GET /media/images/pexels-photo-635874.jpg HTTP/1.1" 304 0
[25/Jun/2021 15:49:23] INFO [django.server:161] "GET /amirMusic/api/grupo/ HTTP/1.1" 200 11899
[25/Jun/2021 15:49:23] INFO [django.server:161] "GET /amirMusic/api/musico/ HTTP/1.1" 200 20864
[25/Jun/2021 15:50:22] INFO [django.server:161] "GET /amirMusic/api/album/ HTTP/1.1" 200 530
[25/Jun/2021 15:50:22] INFO [django.server:161] "GET /amirMusic/api/grupo/ HTTP/1.1" 200 11899
[25/Jun/2021 15:50:22] INFO [django.server:161] "GET /amirMusic/api/musico/ HTTP/1.1" 200 20864
[25/Jun/2021 15:50:39] INFO [django.server:161] "GET /amirMusic/api/album/ HTTP/1.1" 200 530
[25/Jun/2021 15:50:39] INFO [django.server:161] "GET /amirMusic/api/grupo/ HTTP/1.1" 200 11899
[25/Jun/2021 15:50:39] INFO [django.server:161] "GET /amirMusic/api/musico/ HTTP/1.1" 200 20864
[25/Jun/2021 15:50:45] INFO [django.server:161] "GET /amirMusic/api/album/ HTTP/1.1" 200 530
[25/Jun/2021 15:50:45] INFO [django.server:161] "GET /amirMusic/api/grupo/ HTTP/1.1" 200 11899
[25/Jun/2021 15:50:45] INFO [django.server:161] "GET /amirMusic/api/musico/ HTTP/1.1" 200 20864
[25/Jun/2021 15:54:21] INFO [django.server:161] "GET /amirMusic/api/album/ HTTP/1.1" 200 530
[25/Jun/2021 15:54:21] INFO [django.server:161] "GET /amirMusic/api/grupo/ HTTP/1.1" 200 11899
[25/Jun/2021 15:54:21] INFO [django.server:161] "GET /amirMusic/api/musico/ HTTP/1.1" 200 20864
[25/Jun/2021 15:55:09] INFO [django.server:161] "GET /amirMusic/api/album/ HTTP/1.1" 200 530
[25/Jun/2021 15:55:09] INFO [django.server:161] "GET /amirMusic/api/grupo/ HTTP/1.1" 200 11899
[25/Jun/2021 15:55:09] INFO [django.server:161] "GET /amirMusic/api/musico/ HTTP/1.1" 200 20864
[25/Jun/2021 15:57:31] INFO [django.server:161] "GET /amirMusic/api/album/ HTTP/1.1" 200 530
[25/Jun/2021 15:57:31] INFO [django.server:161] "GET /amirMusic/api/grupo/ HTTP/1.1" 200 11899
[25/Jun/2021 15:57:32] INFO [django.server:161] "GET /amirMusic/api/musico/ HTTP/1.1" 200 20864
[25/Jun/2021 15:58:03] INFO [django.server:161] "GET /amirMusic/api/album/ HTTP/1.1" 200 530
[25/Jun/2021 15:58:03] INFO [django.server:161] "GET /amirMusic/api/grupo/ HTTP/1.1" 200 11899
[25/Jun/2021 15:58:03] INFO [django.server:161] "GET /amirMusic/api/musico/ HTTP/1.1" 200 20864
[25/Jun/2021 15:58:08] INFO [django.server:161] "GET /amirMusic/api/grupo/ HTTP/1.1" 200 11899
[25/Jun/2021 15:58:08] INFO [django.server:161] "GET /amirMusic/api/album/ HTTP/1.1" 200 530
[25/Jun/2021 15:58:08] INFO [django.server:161] "GET /amirMusic/api/musico/ HTTP/1.1" 200 20864
[25/Jun/2021 15:58:16] INFO [django.server:161] "GET /amirMusic/api/grupo/ HTTP/1.1" 200 11899
[25/Jun/2021 15:58:16] INFO [django.server:161] "GET /amirMusic/api/album/ HTTP/1.1" 200 530
[25/Jun/2021 15:58:16] INFO [django.server:161] "GET /amirMusic/api/musico/ HTTP/1.1" 200 20864
[25/Jun/2021 15:58:24] INFO [django.server:161] "GET /amirMusic/api/album/ HTTP/1.1" 200 530
[25/Jun/2021 15:58:24] INFO [django.server:161] "GET /amirMusic/api/grupo/ HTTP/1.1" 200 11899
[25/Jun/2021 15:58:24] INFO [django.server:161] "GET /amirMusic/api/musico/ HTTP/1.1" 200 20864
[25/Jun/2021 15:58:26] INFO [django.server:161] "GET /amirMusic/api/album/ HTTP/1.1" 200 530
[25/Jun/2021 15:58:26] INFO [django.server:161] "GET /amirMusic/api/grupo/ HTTP/1.1" 200 11899
[25/Jun/2021 15:58:27] INFO [django.server:161] "GET /amirMusic/api/musico/ HTTP/1.1" 200 20864
[25/Jun/2021 15:58:34] INFO [django.server:161] "GET /amirMusic/api/album/ HTTP/1.1" 200 530
[25/Jun/2021 15:58:34] INFO [django.server:161] "GET /amirMusic/api/grupo/ HTTP/1.1" 200 11899
[25/Jun/2021 15:58:34] INFO [django.server:161] "GET /amirMusic/api/musico/ HTTP/1.1" 200 20864
[25/Jun/2021 15:58:34] INFO [django.server:161] "GET /amirMusic/api/album/ HTTP/1.1" 200 530
[25/Jun/2021 15:58:34] INFO [django.server:161] "GET /amirMusic/api/grupo/ HTTP/1.1" 200 11899
[25/Jun/2021 15:58:34] INFO [django.server:161] "GET /amirMusic/api/musico/ HTTP/1.1" 200 20864
[25/Jun/2021 15:58:35] INFO [django.server:161] "GET /amirMusic/api/grupo/ HTTP/1.1" 200 11899
[25/Jun/2021 15:58:35] INFO [django.server:161] "GET /amirMusic/api/album/ HTTP/1.1" 200 530
[25/Jun/2021 15:58:35] INFO [django.server:161] "GET /amirMusic/api/musico/ HTTP/1.1" 200 20864
[25/Jun/2021 15:58:36] INFO [django.server:161] "GET /amirMusic/api/album/ HTTP/1.1" 200 530
[25/Jun/2021 15:58:36] INFO [django.server:161] "GET /amirMusic/api/grupo/ HTTP/1.1" 200 11899
[25/Jun/2021 15:58:36] INFO [django.server:161] "GET /amirMusic/api/musico/ HTTP/1.1" 200 20864
[25/Jun/2021 15:58:58] INFO [django.server:161] "GET /amirMusic/api/album/ HTTP/1.1" 200 530
[25/Jun/2021 15:58:58] INFO [django.server:161] "GET /amirMusic/api/grupo/ HTTP/1.1" 200 11899
[25/Jun/2021 15:58:58] INFO [django.server:161] "GET /amirMusic/api/musico/ HTTP/1.1" 200 20864
[25/Jun/2021 15:59:09] INFO [django.server:161] "GET /amirMusic/api/album/ HTTP/1.1" 200 530
[25/Jun/2021 15:59:10] INFO [django.server:161] "GET /amirMusic/api/grupo/ HTTP/1.1" 200 11899
[25/Jun/2021 15:59:10] INFO [django.server:161] "GET /amirMusic/api/musico/ HTTP/1.1" 200 20864
[25/Jun/2021 15:59:44] INFO [django.server:161] "GET /amirMusic/api/album/ HTTP/1.1" 200 530
[25/Jun/2021 15:59:44] INFO [django.server:161] "GET /amirMusic/api/grupo/ HTTP/1.1" 200 11899
[25/Jun/2021 15:59:44] INFO [django.server:161] "GET /amirMusic/api/musico/ HTTP/1.1" 200 20864
[25/Jun/2021 15:59:45] INFO [django.server:161] "GET /amirMusic/api/album/ HTTP/1.1" 200 530
[25/Jun/2021 15:59:45] INFO [django.server:161] "GET /amirMusic/api/musico/ HTTP/1.1" 200 20864
[25/Jun/2021 15:59:45] INFO [django.server:161] "GET /amirMusic/api/grupo/ HTTP/1.1" 200 11899
[25/Jun/2021 15:59:46] INFO [django.server:161] "GET /amirMusic/api/grupo/ HTTP/1.1" 200 11899
[25/Jun/2021 15:59:46] INFO [django.server:161] "GET /amirMusic/api/album/ HTTP/1.1" 200 530
[25/Jun/2021 15:59:46] INFO [django.server:161] "GET /amirMusic/api/musico/ HTTP/1.1" 200 20864
[25/Jun/2021 15:59:48] INFO [django.server:161] "GET /amirMusic/api/album/ HTTP/1.1" 200 530
[25/Jun/2021 15:59:48] INFO [django.server:161] "GET /amirMusic/api/grupo/ HTTP/1.1" 200 11899
[25/Jun/2021 15:59:48] INFO [django.server:161] "GET /amirMusic/api/musico/ HTTP/1.1" 200 20864
[25/Jun/2021 16:01:34] INFO [django.server:161] "GET /amirMusic/api/album/ HTTP/1.1" 200 530
[25/Jun/2021 16:01:34] INFO [django.server:161] "GET /amirMusic/api/grupo/ HTTP/1.1" 200 11899
[25/Jun/2021 16:01:34] INFO [django.server:161] "GET /amirMusic/api/musico/ HTTP/1.1" 200 20864
[25/Jun/2021 16:01:38] INFO [django.server:161] "GET /amirMusic/api/grupo/ HTTP/1.1" 200 11899
[25/Jun/2021 16:01:38] INFO [django.server:161] "GET /amirMusic/api/album/ HTTP/1.1" 200 530
[25/Jun/2021 16:01:38] INFO [django.server:161] "GET /amirMusic/api/musico/ HTTP/1.1" 200 20864
[25/Jun/2021 16:01:45] INFO [django.server:161] "GET /amirMusic/api/album/ HTTP/1.1" 200 530
[25/Jun/2021 16:01:45] INFO [django.server:161] "GET /amirMusic/api/musico/ HTTP/1.1" 200 20864
[25/Jun/2021 16:01:45] INFO [django.server:161] "GET /amirMusic/api/grupo/ HTTP/1.1" 200 11899
[25/Jun/2021 16:04:39] INFO [django.server:161] "GET /amirMusic/api/album/ HTTP/1.1" 200 530
[25/Jun/2021 16:04:39] INFO [django.server:161] "GET /amirMusic/api/musico/ HTTP/1.1" 200 20864
[25/Jun/2021 16:04:39] INFO [django.server:161] "GET /amirMusic/api/grupo/ HTTP/1.1" 200 11899
[25/Jun/2021 16:09:02] INFO [django.server:161] "GET /amirMusic/api/album/ HTTP/1.1" 200 530
[25/Jun/2021 16:09:02] INFO [django.server:161] "GET /amirMusic/api/grupo/ HTTP/1.1" 200 11899
[25/Jun/2021 16:09:02] INFO [django.server:161] "GET /amirMusic/api/musico/ HTTP/1.1" 200 20864
[25/Jun/2021 16:09:26] INFO [django.server:161] "GET /amirMusic/api/album/ HTTP/1.1" 200 530
[25/Jun/2021 16:09:26] INFO [django.server:161] "GET /amirMusic/api/musico/ HTTP/1.1" 200 20864
[25/Jun/2021 16:09:26] INFO [django.server:161] "GET /amirMusic/api/grupo/ HTTP/1.1" 200 11899
[25/Jun/2021 16:15:52] INFO [django.server:161] "GET / HTTP/1.1" 302 0
[25/Jun/2021 16:15:52] INFO [django.server:161] "GET /amirMusic/ HTTP/1.1" 200 18029
[25/Jun/2021 16:15:52] INFO [django.server:161] "GET /static/css/user_registration_bs4.css HTTP/1.1" 200 90
[25/Jun/2021 16:15:52] INFO [django.server:161] "GET /static/css/day-night.css HTTP/1.1" 200 143
[25/Jun/2021 16:15:52] INFO [django.server:161] "GET /static/js/day-night.js HTTP/1.1" 200 656
[25/Jun/2021 16:15:52] INFO [django.server:161] "GET /static/js/paginator.js HTTP/1.1" 200 431
[25/Jun/2021 16:15:53] INFO [django.server:161] "GET /static/css/index.css HTTP/1.1" 304 0
[25/Jun/2021 16:15:53] INFO [django.server:161] "GET /static/img/epublibre.png HTTP/1.1" 200 43872
[25/Jun/2021 16:16:05] INFO [django.server:161] "GET /amirMusic/ HTTP/1.1" 200 18029
[25/Jun/2021 16:16:05] INFO [django.server:161] "GET /static/img/epublibre.png HTTP/1.1" 200 43872
[25/Jun/2021 16:16:06] INFO [django.server:161] "GET /amirMusic/ HTTP/1.1" 200 18029
[25/Jun/2021 16:16:06] INFO [django.server:161] "GET /static/img/epublibre.png HTTP/1.1" 200 43872
[25/Jun/2021 16:16:06] INFO [django.server:161] "GET /amirMusic/ HTTP/1.1" 200 18029
[25/Jun/2021 16:16:07] INFO [django.server:161] "GET /static/img/epublibre.png HTTP/1.1" 200 43872
[25/Jun/2021 16:16:10] INFO [django.server:161] "GET /amirMusic/?page=2 HTTP/1.1" 200 18107
[25/Jun/2021 16:16:12] INFO [django.server:161] "GET /amirMusic/?page=2 HTTP/1.1" 200 18107
[25/Jun/2021 16:16:12] INFO [django.server:161] "GET /amirMusic/?page=3 HTTP/1.1" 200 18104
[25/Jun/2021 16:16:14] INFO [django.server:161] "GET /amirMusic/?page=4 HTTP/1.1" 200 18093
[25/Jun/2021 16:16:16] INFO [django.server:161] "GET /amirMusic/?page=5 HTTP/1.1" 200 18097
[25/Jun/2021 16:16:18] INFO [django.server:161] "GET /amirMusic/album/detalles/9/ HTTP/1.1" 200 4757
[25/Jun/2021 16:16:20] INFO [django.server:161] "GET /amirMusic/ HTTP/1.1" 200 18029
[25/Jun/2021 16:17:44] INFO [django.server:161] "GET /amirMusic/api/album/ HTTP/1.1" 200 530
[25/Jun/2021 16:17:45] INFO [django.server:161] "GET /amirMusic/api/musico/ HTTP/1.1" 200 20864
[25/Jun/2021 16:17:45] INFO [django.server:161] "GET /amirMusic/api/grupo/ HTTP/1.1" 200 11899
[25/Jun/2021 16:17:53] INFO [django.server:161] "GET /amirMusic/api/album/ HTTP/1.1" 200 530
[25/Jun/2021 16:17:53] INFO [django.server:161] "GET /amirMusic/api/musico/ HTTP/1.1" 200 20864
[25/Jun/2021 16:17:53] INFO [django.server:161] "GET /amirMusic/api/grupo/ HTTP/1.1" 200 11899
[25/Jun/2021 16:17:55] INFO [django.server:161] "GET /amirMusic/api/album/ HTTP/1.1" 200 530
[25/Jun/2021 16:17:55] INFO [django.server:161] "GET /amirMusic/api/grupo/ HTTP/1.1" 200 11899
[25/Jun/2021 16:17:55] INFO [django.server:161] "GET /amirMusic/api/musico/ HTTP/1.1" 200 20864
[25/Jun/2021 16:17:58] INFO [django.server:161] "GET /amirMusic/api/album/ HTTP/1.1" 200 530
[25/Jun/2021 16:17:58] INFO [django.server:161] "GET /amirMusic/api/grupo/ HTTP/1.1" 200 11899
[25/Jun/2021 16:17:58] INFO [django.server:161] "GET /amirMusic/api/musico/ HTTP/1.1" 200 20864
[25/Jun/2021 16:19:48] INFO [django.server:161] "GET /amirMusic/api/album/ HTTP/1.1" 200 530
[25/Jun/2021 16:19:48] INFO [django.server:161] "GET /amirMusic/api/grupo/ HTTP/1.1" 200 11899
[25/Jun/2021 16:19:48] INFO [django.server:161] "GET /amirMusic/api/musico/ HTTP/1.1" 200 20864
[25/Jun/2021 16:20:36] INFO [django.server:161] "GET /amirMusic/api/album/ HTTP/1.1" 200 530
[25/Jun/2021 16:20:36] INFO [django.server:161] "GET /amirMusic/api/musico/ HTTP/1.1" 200 20864
[25/Jun/2021 16:20:36] INFO [django.server:161] "GET /amirMusic/api/grupo/ HTTP/1.1" 200 11899
[25/Jun/2021 16:21:47] INFO [django.server:161] "GET /amirMusic/api/album/ HTTP/1.1" 200 530
[25/Jun/2021 16:21:47] INFO [django.server:161] "GET /amirMusic/api/musico/ HTTP/1.1" 200 20864
[25/Jun/2021 16:21:47] INFO [django.server:161] "GET /amirMusic/api/grupo/ HTTP/1.1" 200 11899
[25/Jun/2021 16:21:58] INFO [django.server:161] "GET /amirMusic/api/album/ HTTP/1.1" 200 530
[25/Jun/2021 16:21:58] INFO [django.server:161] "GET /amirMusic/api/grupo/ HTTP/1.1" 200 11899
[25/Jun/2021 16:21:58] INFO [django.server:161] "GET /amirMusic/api/musico/ HTTP/1.1" 200 20864
[25/Jun/2021 16:24:28] INFO [django.server:161] "GET /amirMusic/api/album/ HTTP/1.1" 200 530
[25/Jun/2021 16:24:28] INFO [django.server:161] "GET /amirMusic/api/musico/ HTTP/1.1" 200 20864
[25/Jun/2021 16:24:28] INFO [django.server:161] "GET /amirMusic/api/grupo/ HTTP/1.1" 200 11899
[25/Jun/2021 20:19:48] INFO [django.utils.autoreload:637] Watching for file changes with StatReloader
[25/Jun/2021 20:20:35] INFO [django.server:161] "GET /amirMusic/api/album/ HTTP/1.1" 200 530
[25/Jun/2021 20:20:35] INFO [django.server:161] "GET /media/images/pexels-photo-635874.jpg HTTP/1.1" 304 0
[25/Jun/2021 20:20:35] INFO [django.server:161] "GET /amirMusic/api/musico/ HTTP/1.1" 200 20864
[25/Jun/2021 20:20:35] INFO [django.server:161] "GET /amirMusic/api/grupo/ HTTP/1.1" 200 11899
[25/Jun/2021 20:22:59] INFO [django.server:161] "GET /amirMusic/api/album/ HTTP/1.1" 200 530
[25/Jun/2021 20:23:00] INFO [django.server:161] "GET /amirMusic/api/grupo/ HTTP/1.1" 200 11899
[25/Jun/2021 20:23:00] INFO [django.server:161] "GET /amirMusic/api/musico/ HTTP/1.1" 200 20864
[25/Jun/2021 20:23:03] INFO [django.server:161] "GET /amirMusic/api/album/ HTTP/1.1" 200 530
[25/Jun/2021 20:23:03] INFO [django.server:161] "GET /amirMusic/api/grupo/ HTTP/1.1" 200 11899
[25/Jun/2021 20:23:03] INFO [django.server:161] "GET /amirMusic/api/musico/ HTTP/1.1" 200 20864
[25/Jun/2021 20:23:38] INFO [django.server:161] "GET /amirMusic/api/album/ HTTP/1.1" 200 530
[25/Jun/2021 20:23:38] INFO [django.server:161] "GET /amirMusic/api/musico/ HTTP/1.1" 200 20864
[25/Jun/2021 20:23:38] INFO [django.server:161] "GET /amirMusic/api/grupo/ HTTP/1.1" 200 11899
[25/Jun/2021 20:23:40] INFO [django.server:161] "GET /amirMusic/api/album/ HTTP/1.1" 200 530
[25/Jun/2021 20:23:40] INFO [django.server:161] "GET /amirMusic/api/grupo/ HTTP/1.1" 200 11899
[25/Jun/2021 20:23:40] INFO [django.server:161] "GET /amirMusic/api/musico/ HTTP/1.1" 200 20864
[25/Jun/2021 20:23:50] INFO [django.server:161] "GET /amirMusic/api/album/ HTTP/1.1" 200 530
[25/Jun/2021 20:23:50] INFO [django.server:161] "GET /amirMusic/api/musico/ HTTP/1.1" 200 20864
[25/Jun/2021 20:23:50] INFO [django.server:161] "GET /amirMusic/api/grupo/ HTTP/1.1" 200 11899
[25/Jun/2021 20:24:28] INFO [django.server:161] "GET /amirMusic/api/album/ HTTP/1.1" 200 530
[25/Jun/2021 20:24:28] INFO [django.server:161] "GET /amirMusic/api/musico/ HTTP/1.1" 200 20864
[25/Jun/2021 20:24:28] INFO [django.server:161] "GET /amirMusic/api/grupo/ HTTP/1.1" 200 11899
[25/Jun/2021 20:27:00] INFO [django.server:161] "GET /amirMusic/api/album/ HTTP/1.1" 200 530
[25/Jun/2021 20:27:00] INFO [django.server:161] "GET /amirMusic/api/musico/ HTTP/1.1" 200 20864
[25/Jun/2021 20:27:00] INFO [django.server:161] "GET /amirMusic/api/grupo/ HTTP/1.1" 200 11899
[25/Jun/2021 20:27:11] INFO [django.server:161] "GET /amirMusic/api/album/ HTTP/1.1" 200 530
[25/Jun/2021 20:27:11] INFO [django.server:161] "GET /amirMusic/api/musico/ HTTP/1.1" 200 20864
[25/Jun/2021 20:27:11] INFO [django.server:161] "GET /amirMusic/api/grupo/ HTTP/1.1" 200 11899
[25/Jun/2021 20:32:30] INFO [django.server:161] "GET /amirMusic/api/musico/ HTTP/1.1" 200 20864
[25/Jun/2021 20:32:30] INFO [django.server:161] "GET /amirMusic/api/album/ HTTP/1.1" 200 530
[25/Jun/2021 20:32:30] INFO [django.server:161] "GET /amirMusic/api/grupo/ HTTP/1.1" 200 11899
[25/Jun/2021 20:33:59] INFO [django.server:161] "GET /amirMusic/api/album/ HTTP/1.1" 200 530
[25/Jun/2021 20:33:59] INFO [django.server:161] "GET /amirMusic/api/grupo/ HTTP/1.1" 200 11899
[25/Jun/2021 20:33:59] INFO [django.server:161] "GET /amirMusic/api/musico/ HTTP/1.1" 200 20864
[25/Jun/2021 20:34:04] INFO [django.server:161] "GET /amirMusic/api/album/ HTTP/1.1" 200 530
[25/Jun/2021 20:34:04] INFO [django.server:161] "GET /amirMusic/api/musico/ HTTP/1.1" 200 20864
[25/Jun/2021 20:34:04] INFO [django.server:161] "GET /amirMusic/api/grupo/ HTTP/1.1" 200 11899
[25/Jun/2021 20:34:34] INFO [django.server:161] "GET /amirMusic/api/album/ HTTP/1.1" 200 530
[25/Jun/2021 20:34:34] INFO [django.server:161] "GET /amirMusic/api/grupo/ HTTP/1.1" 200 11899
[25/Jun/2021 20:34:34] INFO [django.server:161] "GET /amirMusic/api/musico/ HTTP/1.1" 200 20864
[25/Jun/2021 20:34:42] INFO [django.server:161] "GET /amirMusic/api/album/ HTTP/1.1" 200 530
[25/Jun/2021 20:34:42] INFO [django.server:161] "GET /amirMusic/api/grupo/ HTTP/1.1" 200 11899
[25/Jun/2021 20:34:42] INFO [django.server:161] "GET /amirMusic/api/musico/ HTTP/1.1" 200 20864
[25/Jun/2021 20:36:33] INFO [django.server:161] "GET /amirMusic/api/album/ HTTP/1.1" 200 530
[25/Jun/2021 20:36:33] INFO [django.server:161] "GET /amirMusic/api/grupo/ HTTP/1.1" 200 11899
[25/Jun/2021 20:36:33] INFO [django.server:161] "GET /amirMusic/api/musico/ HTTP/1.1" 200 20864
[25/Jun/2021 20:36:35] INFO [django.server:161] "GET /amirMusic/api/album/ HTTP/1.1" 200 530
[25/Jun/2021 20:36:35] INFO [django.server:161] "GET /amirMusic/api/grupo/ HTTP/1.1" 200 11899
[25/Jun/2021 20:36:35] INFO [django.server:161] "GET /amirMusic/api/musico/ HTTP/1.1" 200 20864
[25/Jun/2021 20:38:01] INFO [django.server:161] "GET /amirMusic/api/album/ HTTP/1.1" 200 530
[25/Jun/2021 20:38:01] INFO [django.server:161] "GET /amirMusic/api/grupo/ HTTP/1.1" 200 11899
[25/Jun/2021 20:38:01] INFO [django.server:161] "GET /amirMusic/api/musico/ HTTP/1.1" 200 20864
[25/Jun/2021 20:38:17] INFO [django.server:161] "GET /amirMusic/api/album/ HTTP/1.1" 200 530
[25/Jun/2021 20:38:17] INFO [django.server:161] "GET /amirMusic/api/musico/ HTTP/1.1" 200 20864
[25/Jun/2021 20:38:17] INFO [django.server:161] "GET /amirMusic/api/grupo/ HTTP/1.1" 200 11899
[25/Jun/2021 20:38:33] INFO [django.server:161] "GET /amirMusic/api/album/ HTTP/1.1" 200 530
[25/Jun/2021 20:38:33] INFO [django.server:161] "GET /amirMusic/api/grupo/ HTTP/1.1" 200 11899
[25/Jun/2021 20:38:33] INFO [django.server:161] "GET /amirMusic/api/musico/ HTTP/1.1" 200 20864
[25/Jun/2021 20:38:36] INFO [django.server:161] "GET /amirMusic/api/album/ HTTP/1.1" 200 530
[25/Jun/2021 20:38:36] INFO [django.server:161] "GET /amirMusic/api/musico/ HTTP/1.1" 200 20864
[25/Jun/2021 20:38:36] INFO [django.server:161] "GET /amirMusic/api/grupo/ HTTP/1.1" 200 11899
[25/Jun/2021 20:38:39] INFO [django.server:161] "GET /amirMusic/api/album/ HTTP/1.1" 200 530
[25/Jun/2021 20:38:39] INFO [django.server:161] "GET /amirMusic/api/grupo/ HTTP/1.1" 200 11899
[25/Jun/2021 20:38:39] INFO [django.server:161] "GET /amirMusic/api/musico/ HTTP/1.1" 200 20864
[25/Jun/2021 20:39:47] INFO [django.server:161] "GET /amirMusic/api/album/ HTTP/1.1" 200 530
[25/Jun/2021 20:39:47] INFO [django.server:161] "GET /amirMusic/api/musico/ HTTP/1.1" 200 20864
[25/Jun/2021 20:39:47] INFO [django.server:161] "GET /amirMusic/api/grupo/ HTTP/1.1" 200 11899
[25/Jun/2021 20:40:21] INFO [django.server:161] "GET /amirMusic/api/album/ HTTP/1.1" 200 530
[25/Jun/2021 20:40:21] INFO [django.server:161] "GET /amirMusic/api/grupo/ HTTP/1.1" 200 11899
[25/Jun/2021 20:40:21] INFO [django.server:161] "GET /amirMusic/api/musico/ HTTP/1.1" 200 20864
[25/Jun/2021 20:40:52] INFO [django.server:161] "GET /amirMusic/api/album/ HTTP/1.1" 200 530
[25/Jun/2021 20:40:52] INFO [django.server:161] "GET /amirMusic/api/grupo/ HTTP/1.1" 200 11899
[25/Jun/2021 20:40:52] INFO [django.server:161] "GET /amirMusic/api/musico/ HTTP/1.1" 200 20864
[25/Jun/2021 20:41:04] INFO [django.server:161] "GET /amirMusic/api/album/ HTTP/1.1" 200 530
[25/Jun/2021 20:41:04] INFO [django.server:161] "GET /amirMusic/api/grupo/ HTTP/1.1" 200 11899
[25/Jun/2021 20:41:04] INFO [django.server:161] "GET /amirMusic/api/musico/ HTTP/1.1" 200 20864
[25/Jun/2021 20:41:43] INFO [django.server:161] "GET /amirMusic/api/album/ HTTP/1.1" 200 530
[25/Jun/2021 20:41:43] INFO [django.server:161] "GET /amirMusic/api/grupo/ HTTP/1.1" 200 11899
[25/Jun/2021 20:41:43] INFO [django.server:161] "GET /amirMusic/api/musico/ HTTP/1.1" 200 20864
[25/Jun/2021 20:41:45] INFO [django.server:161] "GET /amirMusic/api/album/ HTTP/1.1" 200 530
[25/Jun/2021 20:41:45] INFO [django.server:161] "GET /amirMusic/api/grupo/ HTTP/1.1" 200 11899
[25/Jun/2021 20:41:45] INFO [django.server:161] "GET /amirMusic/api/musico/ HTTP/1.1" 200 20864
[25/Jun/2021 20:41:47] INFO [django.server:161] "GET /amirMusic/api/album/ HTTP/1.1" 200 530
[25/Jun/2021 20:41:47] INFO [django.server:161] "GET /amirMusic/api/grupo/ HTTP/1.1" 200 11899
[25/Jun/2021 20:41:47] INFO [django.server:161] "GET /amirMusic/api/musico/ HTTP/1.1" 200 20864
[25/Jun/2021 20:45:25] INFO [django.server:161] "GET /amirMusic/api/album/ HTTP/1.1" 200 530
[25/Jun/2021 20:45:25] INFO [django.server:161] "GET /amirMusic/api/musico/ HTTP/1.1" 200 20864
[25/Jun/2021 20:45:25] INFO [django.server:161] "GET /amirMusic/api/grupo/ HTTP/1.1" 200 11899
[25/Jun/2021 20:46:45] INFO [django.server:161] "GET /amirMusic/api/album/ HTTP/1.1" 200 530
[25/Jun/2021 20:46:45] INFO [django.server:161] "GET /amirMusic/api/grupo/ HTTP/1.1" 200 11899
[25/Jun/2021 20:46:45] INFO [django.server:161] "GET /amirMusic/api/musico/ HTTP/1.1" 200 20864
[25/Jun/2021 20:46:54] INFO [django.server:161] "GET /amirMusic/api/album/ HTTP/1.1" 200 530
[25/Jun/2021 20:46:54] INFO [django.server:161] "GET /amirMusic/api/grupo/ HTTP/1.1" 200 11899
[25/Jun/2021 20:46:54] INFO [django.server:161] "GET /amirMusic/api/musico/ HTTP/1.1" 200 20864
[25/Jun/2021 20:46:57] INFO [django.server:161] "GET /amirMusic/api/album/ HTTP/1.1" 200 530
[25/Jun/2021 20:46:57] INFO [django.server:161] "GET /amirMusic/api/musico/ HTTP/1.1" 200 20864
[25/Jun/2021 20:46:58] INFO [django.server:161] "GET /amirMusic/api/grupo/ HTTP/1.1" 200 11899
[25/Jun/2021 20:47:53] INFO [django.server:161] "GET /amirMusic/api/album/ HTTP/1.1" 200 530
[25/Jun/2021 20:47:53] INFO [django.server:161] "GET /amirMusic/api/grupo/ HTTP/1.1" 200 11899
[25/Jun/2021 20:47:53] INFO [django.server:161] "GET /amirMusic/api/musico/ HTTP/1.1" 200 20864
[25/Jun/2021 20:48:59] INFO [django.server:161] "GET /amirMusic/api/grupo/ HTTP/1.1" 200 11899
[25/Jun/2021 20:48:59] INFO [django.server:161] "GET /amirMusic/api/album/ HTTP/1.1" 200 530
[25/Jun/2021 20:48:59] INFO [django.server:161] "GET /amirMusic/api/musico/ HTTP/1.1" 200 20864
[25/Jun/2021 20:49:27] INFO [django.server:161] "GET /amirMusic/api/album/ HTTP/1.1" 200 530
[25/Jun/2021 20:49:27] INFO [django.server:161] "GET /amirMusic/api/musico/ HTTP/1.1" 200 20864
[25/Jun/2021 20:49:27] INFO [django.server:161] "GET /amirMusic/api/grupo/ HTTP/1.1" 200 11899
[25/Jun/2021 20:49:50] INFO [django.server:161] "GET /amirMusic/api/album/ HTTP/1.1" 200 530
[25/Jun/2021 20:49:50] INFO [django.server:161] "GET /amirMusic/api/musico/ HTTP/1.1" 200 20864
[25/Jun/2021 20:49:50] INFO [django.server:161] "GET /amirMusic/api/grupo/ HTTP/1.1" 200 11899
[25/Jun/2021 20:56:07] INFO [django.server:161] "GET /amirMusic/api/album/ HTTP/1.1" 200 530
[25/Jun/2021 20:56:07] INFO [django.server:161] "GET /amirMusic/api/grupo/ HTTP/1.1" 200 11899
[25/Jun/2021 20:56:07] INFO [django.server:161] "GET /amirMusic/api/musico/ HTTP/1.1" 200 20864
[25/Jun/2021 20:58:26] INFO [django.server:161] "GET / HTTP/1.1" 302 0
[25/Jun/2021 20:58:26] INFO [django.server:161] "GET /amirMusic/ HTTP/1.1" 200 18029
[25/Jun/2021 20:59:05] INFO [django.server:161] "GET /amirMusic/api/album/ HTTP/1.1" 200 530
[25/Jun/2021 20:59:05] INFO [django.server:161] "GET /amirMusic/api/musico/ HTTP/1.1" 200 20864
[25/Jun/2021 20:59:05] INFO [django.server:161] "GET /amirMusic/api/grupo/ HTTP/1.1" 200 11899
[25/Jun/2021 21:00:30] INFO [django.server:161] "GET /amirMusic/api/album/ HTTP/1.1" 200 530
[25/Jun/2021 21:00:30] INFO [django.server:161] "GET /amirMusic/api/musico/ HTTP/1.1" 200 20864
[25/Jun/2021 21:00:30] INFO [django.server:161] "GET /amirMusic/api/grupo/ HTTP/1.1" 200 11899
[25/Jun/2021 21:00:53] INFO [django.server:161] "GET /amirMusic/api/album/ HTTP/1.1" 200 530
[25/Jun/2021 21:00:53] INFO [django.server:161] "GET /amirMusic/api/musico/ HTTP/1.1" 200 20864
[25/Jun/2021 21:00:53] INFO [django.server:161] "GET /amirMusic/api/grupo/ HTTP/1.1" 200 11899
[25/Jun/2021 21:00:55] INFO [django.server:161] "GET /amirMusic/api/album/ HTTP/1.1" 200 530
[25/Jun/2021 21:00:56] INFO [django.server:161] "GET /amirMusic/api/grupo/ HTTP/1.1" 200 11899
[25/Jun/2021 21:00:56] INFO [django.server:161] "GET /amirMusic/api/musico/ HTTP/1.1" 200 20864
[25/Jun/2021 21:01:00] INFO [django.server:161] "GET /amirMusic/api/album/ HTTP/1.1" 200 530
[25/Jun/2021 21:01:00] INFO [django.server:161] "GET /amirMusic/api/grupo/ HTTP/1.1" 200 11899
[25/Jun/2021 21:01:00] INFO [django.server:161] "GET /amirMusic/api/musico/ HTTP/1.1" 200 20864
[25/Jun/2021 21:02:06] INFO [django.server:161] "GET /amirMusic/api/album/ HTTP/1.1" 200 530
[25/Jun/2021 21:02:06] INFO [django.server:161] "GET /amirMusic/api/grupo/ HTTP/1.1" 200 11899
[25/Jun/2021 21:02:06] INFO [django.server:161] "GET /amirMusic/api/musico/ HTTP/1.1" 200 20864
[25/Jun/2021 21:03:22] INFO [django.server:161] "GET /amirMusic/api/album/ HTTP/1.1" 200 530
[25/Jun/2021 21:03:22] INFO [django.server:161] "GET /amirMusic/api/musico/ HTTP/1.1" 200 20864
[25/Jun/2021 21:03:22] INFO [django.server:161] "GET /amirMusic/api/grupo/ HTTP/1.1" 200 11899
[25/Jun/2021 21:03:39] INFO [django.server:161] "GET /amirMusic/api/album/ HTTP/1.1" 200 530
[25/Jun/2021 21:03:39] INFO [django.server:161] "GET /amirMusic/api/grupo/ HTTP/1.1" 200 11899
[25/Jun/2021 21:03:39] INFO [django.server:161] "GET /amirMusic/api/musico/ HTTP/1.1" 200 20864
[25/Jun/2021 21:05:09] INFO [django.server:161] "GET /amirMusic/api/grupo/ HTTP/1.1" 200 11899
[25/Jun/2021 21:05:09] INFO [django.server:161] "GET /amirMusic/api/album/ HTTP/1.1" 200 530
[25/Jun/2021 21:05:09] INFO [django.server:161] "GET /amirMusic/api/musico/ HTTP/1.1" 200 20864
[25/Jun/2021 21:05:09] INFO [django.server:161] "GET /amirMusic/api/album/ HTTP/1.1" 200 530
[25/Jun/2021 21:05:09] INFO [django.server:161] "GET /amirMusic/api/grupo/ HTTP/1.1" 200 11899
[25/Jun/2021 21:05:09] INFO [django.server:161] "GET /amirMusic/api/musico/ HTTP/1.1" 200 20864
[25/Jun/2021 21:05:12] INFO [django.server:161] "GET /amirMusic/api/album/ HTTP/1.1" 200 530
[25/Jun/2021 21:05:12] INFO [django.server:161] "GET /amirMusic/api/musico/ HTTP/1.1" 200 20864
[25/Jun/2021 21:05:12] INFO [django.server:161] "GET /amirMusic/api/grupo/ HTTP/1.1" 200 11899
[25/Jun/2021 21:08:12] INFO [django.server:161] "GET /amirMusic/api/album/ HTTP/1.1" 200 530
[25/Jun/2021 21:08:12] INFO [django.server:161] "GET /amirMusic/api/musico/ HTTP/1.1" 200 20864
[25/Jun/2021 21:08:12] INFO [django.server:161] "GET /amirMusic/api/grupo/ HTTP/1.1" 200 11899
[25/Jun/2021 21:08:17] INFO [django.server:161] "GET /amirMusic/api/album/ HTTP/1.1" 200 530
[25/Jun/2021 21:08:17] INFO [django.server:161] "GET /amirMusic/api/musico/ HTTP/1.1" 200 20864
[25/Jun/2021 21:08:17] INFO [django.server:161] "GET /amirMusic/api/grupo/ HTTP/1.1" 200 11899
[25/Jun/2021 21:10:51] INFO [django.server:161] "GET /amirMusic/api/album/ HTTP/1.1" 200 530
[25/Jun/2021 21:10:51] INFO [django.server:161] "GET /amirMusic/api/grupo/ HTTP/1.1" 200 11899
[25/Jun/2021 21:10:51] INFO [django.server:161] "GET /amirMusic/api/musico/ HTTP/1.1" 200 20864
[25/Jun/2021 21:11:24] INFO [django.server:161] "GET /amirMusic/api/album/ HTTP/1.1" 200 530
[25/Jun/2021 21:11:24] INFO [django.server:161] "GET /amirMusic/api/grupo/ HTTP/1.1" 200 11899
[25/Jun/2021 21:11:24] INFO [django.server:161] "GET /amirMusic/api/musico/ HTTP/1.1" 200 20864
[25/Jun/2021 21:11:24] INFO [django.server:161] "GET /media/images/pastor_aleman_bebe_NqrYL3u.jpeg HTTP/1.1" 304 0
[25/Jun/2021 21:15:13] INFO [django.server:161] "GET /amirMusic/api/album/ HTTP/1.1" 200 530
[25/Jun/2021 21:15:13] INFO [django.server:161] "GET /amirMusic/api/grupo/ HTTP/1.1" 200 11899
[25/Jun/2021 21:15:13] INFO [django.server:161] "GET /amirMusic/api/musico/ HTTP/1.1" 200 20864
[25/Jun/2021 21:15:39] INFO [django.server:161] "GET /amirMusic/api/musico/ HTTP/1.1" 200 20864
[25/Jun/2021 21:15:39] INFO [django.server:161] "GET /amirMusic/api/grupo/ HTTP/1.1" 200 11899
[25/Jun/2021 21:15:39] INFO [django.server:161] "GET /amirMusic/api/album/ HTTP/1.1" 200 530
[25/Jun/2021 21:15:43] INFO [django.server:161] "GET /amirMusic/api/album/ HTTP/1.1" 200 530
[25/Jun/2021 21:15:43] INFO [django.server:161] "GET /amirMusic/api/grupo/ HTTP/1.1" 200 11899
[25/Jun/2021 21:15:43] INFO [django.server:161] "GET /amirMusic/api/musico/ HTTP/1.1" 200 20864
[25/Jun/2021 21:20:40] INFO [django.server:161] "GET /amirMusic/api/album/ HTTP/1.1" 200 530
[25/Jun/2021 21:20:40] INFO [django.server:161] "GET /amirMusic/api/grupo/ HTTP/1.1" 200 11899
[25/Jun/2021 21:20:41] INFO [django.server:161] "GET /amirMusic/api/musico/ HTTP/1.1" 200 20864
[25/Jun/2021 21:22:48] INFO [django.server:161] "GET /amirMusic/api/album/ HTTP/1.1" 200 530
[25/Jun/2021 21:22:48] INFO [django.server:161] "GET /amirMusic/api/grupo/ HTTP/1.1" 200 11899
[25/Jun/2021 21:22:48] INFO [django.server:161] "GET /amirMusic/api/musico/ HTTP/1.1" 200 20864
[25/Jun/2021 21:23:23] INFO [django.server:161] "GET /amirMusic/api/album/ HTTP/1.1" 200 530
[25/Jun/2021 21:23:23] INFO [django.server:161] "GET /amirMusic/api/grupo/ HTTP/1.1" 200 11899
[25/Jun/2021 21:23:24] INFO [django.server:161] "GET /amirMusic/api/musico/ HTTP/1.1" 200 20864
[25/Jun/2021 21:24:05] INFO [django.server:161] "GET /amirMusic/api/grupo/ HTTP/1.1" 200 11899
[25/Jun/2021 21:24:05] INFO [django.server:161] "GET /amirMusic/api/album/ HTTP/1.1" 200 530
[25/Jun/2021 21:24:05] INFO [django.server:161] "GET /amirMusic/api/musico/ HTTP/1.1" 200 20864
[25/Jun/2021 21:32:07] INFO [django.server:161] "GET /amirMusic/api/album/ HTTP/1.1" 200 530
[25/Jun/2021 21:32:07] INFO [django.server:161] "GET /amirMusic/api/musico/ HTTP/1.1" 200 20864
[25/Jun/2021 21:32:07] INFO [django.server:161] "GET /amirMusic/api/grupo/ HTTP/1.1" 200 11899
[25/Jun/2021 21:32:10] INFO [django.server:161] "GET /amirMusic/api/album/ HTTP/1.1" 200 530
[25/Jun/2021 21:32:10] INFO [django.server:161] "GET /amirMusic/api/musico/ HTTP/1.1" 200 20864
[25/Jun/2021 21:32:10] INFO [django.server:161] "GET /amirMusic/api/grupo/ HTTP/1.1" 200 11899
[25/Jun/2021 21:40:36] INFO [django.utils.autoreload:251] /web/sitio_web/settings.py changed, reloading.
[25/Jun/2021 21:40:40] INFO [django.utils.autoreload:637] Watching for file changes with StatReloader
[25/Jun/2021 21:43:38] INFO [django.utils.autoreload:637] Watching for file changes with StatReloader
[25/Jun/2021 21:43:56] INFO [django.server:161] "GET / HTTP/1.1" 302 0
[25/Jun/2021 21:43:56] INFO [django.server:161] "GET /amirMusic/ HTTP/1.1" 200 18029
[25/Jun/2021 21:43:56] WARNING [django.request:224] Not Found: /static/css/day-night.css
[25/Jun/2021 21:43:56] WARNING [django.request:224] Not Found: /static/css/user_registration_bs4.css
[25/Jun/2021 21:43:56] WARNING [django.request:224] Not Found: /static/js/day-night.js
[25/Jun/2021 21:43:56] WARNING [django.request:224] Not Found: /static/js/paginator.js
[25/Jun/2021 21:43:56] WARNING [django.server:161] "GET /static/css/user_registration_bs4.css HTTP/1.1" 404 179
[25/Jun/2021 21:43:56] WARNING [django.server:161] "GET /static/css/day-night.css HTTP/1.1" 404 179
[25/Jun/2021 21:43:56] WARNING [django.server:161] "GET /static/js/day-night.js HTTP/1.1" 404 179
[25/Jun/2021 21:43:56] WARNING [django.server:161] "GET /static/js/paginator.js HTTP/1.1" 404 179
[25/Jun/2021 21:43:56] WARNING [django.request:224] Not Found: /static/css/index.css
[25/Jun/2021 21:43:56] WARNING [django.server:161] "GET /static/css/index.css HTTP/1.1" 404 179
[25/Jun/2021 21:43:56] WARNING [django.request:224] Not Found: /static/img/epublibre.png
[25/Jun/2021 21:43:56] WARNING [django.server:161] "GET /static/img/epublibre.png HTTP/1.1" 404 179
[25/Jun/2021 21:43:56] WARNING [django.request:224] Not Found: /static/js/day-night.js
[25/Jun/2021 21:43:56] WARNING [django.server:161] "GET /static/js/day-night.js HTTP/1.1" 404 179
[25/Jun/2021 21:43:56] WARNING [django.request:224] Not Found: /static/js/paginator.js
[25/Jun/2021 21:43:56] WARNING [django.server:161] "GET /static/js/paginator.js HTTP/1.1" 404 179
[25/Jun/2021 21:43:56] WARNING [django.request:224] Not Found: /static/css/index.css
[25/Jun/2021 21:43:56] WARNING [django.server:161] "GET /static/css/index.css HTTP/1.1" 404 179
[25/Jun/2021 21:44:02] INFO [django.server:161] "GET / HTTP/1.1" 302 0
[25/Jun/2021 21:44:02] INFO [django.server:161] "GET /amirMusic/ HTTP/1.1" 200 18029
[25/Jun/2021 21:44:02] WARNING [django.request:224] Not Found: /static/css/user_registration_bs4.css
[25/Jun/2021 21:44:02] WARNING [django.request:224] Not Found: /static/js/day-night.js
[25/Jun/2021 21:44:02] WARNING [django.request:224] Not Found: /static/css/day-night.css
[25/Jun/2021 21:44:02] WARNING [django.request:224] Not Found: /static/js/paginator.js
[25/Jun/2021 21:44:02] WARNING [django.server:161] "GET /static/css/user_registration_bs4.css HTTP/1.1" 404 179
[25/Jun/2021 21:44:02] WARNING [django.server:161] "GET /static/js/day-night.js HTTP/1.1" 404 179
[25/Jun/2021 21:44:02] WARNING [django.server:161] "GET /static/css/day-night.css HTTP/1.1" 404 179
[25/Jun/2021 21:44:02] WARNING [django.server:161] "GET /static/js/paginator.js HTTP/1.1" 404 179
[25/Jun/2021 21:44:02] WARNING [django.request:224] Not Found: /static/css/index.css
[25/Jun/2021 21:44:02] WARNING [django.request:224] Not Found: /static/img/epublibre.png
[25/Jun/2021 21:44:02] WARNING [django.server:161] "GET /static/css/index.css HTTP/1.1" 404 179
[25/Jun/2021 21:44:02] WARNING [django.server:161] "GET /static/img/epublibre.png HTTP/1.1" 404 179
[25/Jun/2021 21:44:02] WARNING [django.request:224] Not Found: /static/js/day-night.js
[25/Jun/2021 21:44:02] WARNING [django.server:161] "GET /static/js/day-night.js HTTP/1.1" 404 179
[25/Jun/2021 21:44:03] WARNING [django.request:224] Not Found: /static/js/paginator.js
[25/Jun/2021 21:44:03] WARNING [django.server:161] "GET /static/js/paginator.js HTTP/1.1" 404 179
[25/Jun/2021 21:44:03] WARNING [django.request:224] Not Found: /static/css/index.css
[25/Jun/2021 21:44:03] WARNING [django.server:161] "GET /static/css/index.css HTTP/1.1" 404 179
[25/Jun/2021 21:46:05] INFO [django.server:161] "GET / HTTP/1.0" 302 0
[25/Jun/2021 21:46:05] INFO [django.server:161] "GET /amirMusic/ HTTP/1.0" 200 18029
[25/Jun/2021 21:46:05] WARNING [django.request:224] Not Found: /media/images/pastor_aleman_bebe_NqrYL3u.jpeg
[25/Jun/2021 21:46:05] WARNING [django.server:161] "GET /media/images/pastor_aleman_bebe_NqrYL3u.jpeg HTTP/1.0" 404 179
[25/Jun/2021 21:46:05] WARNING [django.request:224] Not Found: /media/images/pexels-photo-635874.jpg
[25/Jun/2021 21:46:05] WARNING [django.server:161] "GET /media/images/pexels-photo-635874.jpg HTTP/1.0" 404 179
[25/Jun/2021 21:46:17] INFO [django.server:161] "GET /amirMusic/album/detalles/10/ HTTP/1.0" 200 4774
[25/Jun/2021 21:46:17] WARNING [django.request:224] Not Found: /media/images/pexels-photo-635874.jpg
[25/Jun/2021 21:46:17] WARNING [django.server:161] "GET /media/images/pexels-photo-635874.jpg HTTP/1.0" 404 179
[25/Jun/2021 21:46:21] INFO [django.server:161] "GET /amirMusic/ HTTP/1.0" 200 18029
[25/Jun/2021 21:46:21] WARNING [django.request:224] Not Found: /media/images/pastor_aleman_bebe_NqrYL3u.jpeg
[25/Jun/2021 21:46:21] WARNING [django.server:161] "GET /media/images/pastor_aleman_bebe_NqrYL3u.jpeg HTTP/1.0" 404 179
[25/Jun/2021 21:46:21] WARNING [django.request:224] Not Found: /media/images/pexels-photo-635874.jpg
[25/Jun/2021 21:46:21] WARNING [django.server:161] "GET /media/images/pexels-photo-635874.jpg HTTP/1.0" 404 179
[25/Jun/2021 21:46:23] INFO [django.server:161] "GET /amirMusic/?page=2 HTTP/1.0" 200 18107
[25/Jun/2021 21:46:24] WARNING [django.request:224] Not Found: /media/images/pastor_aleman_bebe_NqrYL3u.jpeg
[25/Jun/2021 21:46:24] WARNING [django.server:161] "GET /media/images/pastor_aleman_bebe_NqrYL3u.jpeg HTTP/1.0" 404 179
[25/Jun/2021 21:46:24] WARNING [django.request:224] Not Found: /media/images/pexels-photo-635874.jpg
[25/Jun/2021 21:46:24] WARNING [django.server:161] "GET /media/images/pexels-photo-635874.jpg HTTP/1.0" 404 179
[25/Jun/2021 21:46:25] INFO [django.server:161] "GET /amirMusic/?page=3 HTTP/1.0" 200 18104
[25/Jun/2021 21:46:25] WARNING [django.request:224] Not Found: /media/images/pastor_aleman_bebe_NqrYL3u.jpeg
[25/Jun/2021 21:46:25] WARNING [django.request:224] Not Found: /media/images/pexels-photo-635874.jpg
[25/Jun/2021 21:46:25] WARNING [django.server:161] "GET /media/images/pastor_aleman_bebe_NqrYL3u.jpeg HTTP/1.0" 404 179
[25/Jun/2021 21:46:25] WARNING [django.server:161] "GET /media/images/pexels-photo-635874.jpg HTTP/1.0" 404 179
[25/Jun/2021 21:47:19] INFO [django.server:161] "GET /amirMusic/?page=3 HTTP/1.0" 200 18104
[25/Jun/2021 21:47:19] WARNING [django.request:224] Not Found: /media/images/pastor_aleman_bebe_NqrYL3u.jpeg
[25/Jun/2021 21:47:19] WARNING [django.server:161] "GET /media/images/pastor_aleman_bebe_NqrYL3u.jpeg HTTP/1.0" 404 179
[25/Jun/2021 21:47:19] WARNING [django.request:224] Not Found: /media/images/pexels-photo-635874.jpg
[25/Jun/2021 21:47:19] WARNING [django.server:161] "GET /media/images/pexels-photo-635874.jpg HTTP/1.0" 404 179
[25/Jun/2021 21:47:22] INFO [django.server:161] "GET /amirMusic HTTP/1.0" 301 0
[25/Jun/2021 21:47:22] INFO [django.server:161] "GET /amirMusic/ HTTP/1.0" 200 18029
[25/Jun/2021 21:47:22] WARNING [django.request:224] Not Found: /media/images/pastor_aleman_bebe_NqrYL3u.jpeg
[25/Jun/2021 21:47:22] WARNING [django.server:161] "GET /media/images/pastor_aleman_bebe_NqrYL3u.jpeg HTTP/1.0" 404 179
[25/Jun/2021 21:47:22] WARNING [django.request:224] Not Found: /media/images/pexels-photo-635874.jpg
[25/Jun/2021 21:47:22] WARNING [django.server:161] "GET /media/images/pexels-photo-635874.jpg HTTP/1.0" 404 179
[25/Jun/2021 21:47:23] INFO [django.server:161] "GET /amirMusic/ HTTP/1.0" 200 18029
[25/Jun/2021 21:47:23] WARNING [django.request:224] Not Found: /media/images/pastor_aleman_bebe_NqrYL3u.jpeg
[25/Jun/2021 21:47:23] WARNING [django.server:161] "GET /media/images/pastor_aleman_bebe_NqrYL3u.jpeg HTTP/1.0" 404 179
[25/Jun/2021 21:47:23] WARNING [django.request:224] Not Found: /media/images/pexels-photo-635874.jpg
[25/Jun/2021 21:47:24] WARNING [django.server:161] "GET /media/images/pexels-photo-635874.jpg HTTP/1.0" 404 179
[25/Jun/2021 21:47:26] INFO [django.server:161] "GET /amirMusic/ HTTP/1.0" 200 18029
[25/Jun/2021 21:47:26] WARNING [django.request:224] Not Found: /media/images/pastor_aleman_bebe_NqrYL3u.jpeg
[25/Jun/2021 21:47:26] WARNING [django.request:224] Not Found: /media/images/pexels-photo-635874.jpg
[25/Jun/2021 21:47:26] WARNING [django.server:161] "GET /media/images/pastor_aleman_bebe_NqrYL3u.jpeg HTTP/1.0" 404 179
[25/Jun/2021 21:47:26] WARNING [django.server:161] "GET /media/images/pexels-photo-635874.jpg HTTP/1.0" 404 179
[25/Jun/2021 21:47:27] INFO [django.server:161] "GET /amirMusic/ HTTP/1.0" 200 18029
[25/Jun/2021 21:47:27] WARNING [django.request:224] Not Found: /media/images/pastor_aleman_bebe_NqrYL3u.jpeg
[25/Jun/2021 21:47:27] WARNING [django.server:161] "GET /media/images/pastor_aleman_bebe_NqrYL3u.jpeg HTTP/1.0" 404 179
[25/Jun/2021 21:47:27] WARNING [django.request:224] Not Found: /media/images/pexels-photo-635874.jpg
[25/Jun/2021 21:47:27] WARNING [django.server:161] "GET /media/images/pexels-photo-635874.jpg HTTP/1.0" 404 179
[25/Jun/2021 21:50:07] INFO [django.server:161] "GET /amirMusic/ HTTP/1.0" 200 18029
[25/Jun/2021 21:50:07] WARNING [django.request:224] Not Found: /media/images/pastor_aleman_bebe_NqrYL3u.jpeg
[25/Jun/2021 21:50:07] WARNING [django.server:161] "GET /media/images/pastor_aleman_bebe_NqrYL3u.jpeg HTTP/1.0" 404 179
[25/Jun/2021 21:50:07] WARNING [django.request:224] Not Found: /media/images/pexels-photo-635874.jpg
[25/Jun/2021 21:50:07] WARNING [django.server:161] "GET /media/images/pexels-photo-635874.jpg HTTP/1.0" 404 179
[25/Jun/2021 21:50:09] INFO [django.server:161] "GET /amirMusic/ HTTP/1.0" 200 18029
[25/Jun/2021 21:50:09] WARNING [django.request:224] Not Found: /media/images/pastor_aleman_bebe_NqrYL3u.jpeg
[25/Jun/2021 21:50:09] WARNING [django.server:161] "GET /media/images/pastor_aleman_bebe_NqrYL3u.jpeg HTTP/1.0" 404 179
[25/Jun/2021 21:50:09] WARNING [django.request:224] Not Found: /media/images/pexels-photo-635874.jpg
[25/Jun/2021 21:50:09] WARNING [django.server:161] "GET /media/images/pexels-photo-635874.jpg HTTP/1.0" 404 179
[25/Jun/2021 21:55:41] INFO [django.server:161] "GET /amirMusic/ HTTP/1.0" 200 18029
[25/Jun/2021 21:55:50] INFO [django.server:161] "GET /amirMusic/ HTTP/1.0" 200 18029
[25/Jun/2021 21:55:52] INFO [django.server:161] "GET /amirMusic/graficos/ HTTP/1.0" 200 3564
[25/Jun/2021 21:55:53] INFO [django.server:161] "GET /amirMusic/get_grupos_musicos HTTP/1.0" 301 0
[25/Jun/2021 21:55:53] INFO [django.server:161] "GET /amirMusic/get_grupos_musicos/ HTTP/1.0" 200 3713
[25/Jun/2021 21:55:55] INFO [django.server:161] "GET /amirMusic/ HTTP/1.0" 200 18029
[25/Jun/2021 21:55:57] INFO [django.server:161] "GET /amirMusic/ HTTP/1.0" 200 18029
[25/Jun/2021 21:56:05] INFO [django.server:161] "GET /amirMusic/?busqueda=disco HTTP/1.0" 200 5640
[25/Jun/2021 21:56:08] INFO [django.server:161] "GET /amirMusic/?busqueda= HTTP/1.0" 200 18029
[25/Jun/2021 21:58:31] INFO [django.server:161] "GET /amirMusic/api/musico HTTP/1.0" 301 0
[25/Jun/2021 21:58:32] INFO [django.server:161] "GET /amirMusic/api/musico/ HTTP/1.0" 200 71680
[25/Jun/2021 21:58:32] WARNING [django.request:224] Not Found: /favicon.ico
[25/Jun/2021 21:58:32] WARNING [django.server:161] "GET /favicon.ico HTTP/1.0" 404 179
[25/Jun/2021 21:58:38] INFO [django.server:161] "GET /amirMusic/api/musico/ HTTP/1.0" 200 71680
[25/Jun/2021 21:59:33] INFO [django.server:161] "GET /amirMusic/api/album/ HTTP/1.0" 200 494
[25/Jun/2021 21:59:33] INFO [django.server:161] "GET /amirMusic/api/musico/ HTTP/1.0" 200 19838
[25/Jun/2021 21:59:33] INFO [django.server:161] "GET /amirMusic/api/grupo/ HTTP/1.0" 200 11317
[25/Jun/2021 22:00:13] INFO [django.server:161] "GET /amirMusic/api/album/ HTTP/1.0" 200 494
[25/Jun/2021 22:00:13] INFO [django.server:161] "GET /amirMusic/api/grupo/ HTTP/1.0" 200 11317
[25/Jun/2021 22:00:13] INFO [django.server:161] "GET /amirMusic/api/musico/ HTTP/1.0" 200 19838
[25/Jun/2021 22:01:54] INFO [django.server:161] "GET /amirMusic/api/musico/ HTTP/1.0" 200 71680
[25/Jun/2021 22:01:58] INFO [django.server:161] "GET /amirMusic/ HTTP/1.0" 200 18029
[25/Jun/2021 22:06:45] INFO [django.utils.autoreload:637] Watching for file changes with StatReloader
[25/Jun/2021 22:06:54] INFO [django.server:161] "GET /amirMusic/ HTTP/1.0" 200 18029
[25/Jun/2021 22:07:02] INFO [django.server:161] "GET /amirMusic/ HTTP/1.0" 200 18029
[25/Jun/2021 22:07:06] INFO [django.server:161] "GET /amirMusic/album/detalles/9/ HTTP/1.0" 200 4757
[25/Jun/2021 22:08:49] INFO [django.server:161] "GET /amirMusic/api/album/ HTTP/1.0" 200 500
[25/Jun/2021 22:08:49] INFO [django.server:161] "GET /amirMusic/api/musico/ HTTP/1.0" 200 20009
[25/Jun/2021 22:08:49] INFO [django.server:161] "GET /amirMusic/api/grupo/ HTTP/1.0" 200 11414
